<?xml version="1.0" encoding="UTF-8"?>
<!-- Generated by org.testng.reporters.JUnitXMLReporter -->
<testsuite ignored="0" hostname="LAPTOP-66PFEI4O" failures="1" tests="1" name="RegPagePasswordValidationl" time="3.197" errors="0" timestamp="2024-04-23T15:23:32 IST">
  <testcase classname="TestPrograms.RegPagePasswordValidation" name="passwordValidate" time="3.165">
    <failure type="java.lang.AssertionError" message="expected [Password is required.] but found [Password is required]">
      <![CDATA[java.lang.AssertionError: expected [Password is required.] but found [Password is required]
at TestPrograms.RegPagePasswordValidation.passwordValidate(RegPagePasswordValidation.java:20)
at java.base/java.util.ArrayList.forEach(ArrayList.java:1511)
at java.base/java.util.concurrent.FutureTask.run(FutureTask.java:264)
at java.base/java.util.concurrent.ThreadPoolExecutor.runWorker(ThreadPoolExecutor.java:1136)
at java.base/java.util.concurrent.ThreadPoolExecutor$Worker.run(ThreadPoolExecutor.java:635)
at java.base/java.lang.Thread.run(Thread.java:840)
... Removed 23 stack frames]]>
    </failure>
  </testcase> <!-- passwordValidate -->
</testsuite> <!-- RegPagePasswordValidationl -->
